#
# There is insufficient memory for the Java Runtime Environment to continue.
# Native memory allocation (malloc) failed to allocate 1170064 bytes for Chunk::new
# Possible reasons:
#   The system is out of physical RAM or swap space
#   The process is running with CompressedOops enabled, and the Java Heap may be blocking the growth of the native heap
# Possible solutions:
#   Reduce memory load on the system
#   Increase physical memory or swap space
#   Check if swap backing store is full
#   Decrease Java heap size (-Xmx/-Xms)
#   Decrease number of Java threads
#   Decrease Java thread stack sizes (-Xss)
#   Set larger code cache with -XX:ReservedCodeCacheSize=
#   JVM is running with Zero Based Compressed Oops mode in which the Java heap is
#     placed in the first 32GB address space. The Java Heap base address is the
#     maximum limit for the native heap growth. Please use -XX:HeapBaseMinAddress
#     to set the Java Heap base and to place the Java Heap above 32GB virtual address.
# This output file may be truncated or incomplete.
#
#  Out of Memory Error (arena.cpp:189), pid=11196, tid=9992
#
# JRE version: OpenJDK Runtime Environment Corretto-17.0.8.8.1 (17.0.8.1+8) (build 17.0.8.1+8-LTS)
# Java VM: OpenJDK 64-Bit Server VM Corretto-17.0.8.8.1 (17.0.8.1+8-LTS, mixed mode, sharing, tiered, compressed oops, compressed class ptrs, g1 gc, windows-amd64)
# No core dump will be written. Minidumps are not enabled by default on client versions of Windows
#

---------------  S U M M A R Y ------------

Command Line: -javaagent:C:\Program Files\JetBrains\IntelliJ IDEA Community Edition 2023.1\lib\idea_rt.jar=25359:C:\Program Files\JetBrains\IntelliJ IDEA Community Edition 2023.1\bin -Dfile.encoding=UTF-8 com.nhomA.mockproject.MockProjectApplication

Host: Intel(R) Core(TM) i5-6300U CPU @ 2.40GHz, 4 cores, 15G,  Windows 10 , 64 bit Build 19041 (10.0.19041.5072)
Time: Sat Nov 23 20:42:40 2024 SE Asia Standard Time elapsed time: 4480.896510 seconds (0d 1h 14m 40s)

---------------  T H R E A D  ---------------

Current thread (0x00000208c30aa6c0):  JavaThread "C2 CompilerThread0" daemon [_thread_in_native, id=9992, stack(0x000000c9c0100000,0x000000c9c0200000)]


Current CompileTask:
C2:4480896 16594       4       org.postgresql.jdbc.PgConnection::prepareStatement (12 bytes)

Stack: [0x000000c9c0100000,0x000000c9c0200000]
Native frames: (J=compiled Java code, j=interpreted, Vv=VM code, C=native code)
V  [jvm.dll+0x64c9da]
V  [jvm.dll+0x800834]
V  [jvm.dll+0x801fee]
V  [jvm.dll+0x802643]
V  [jvm.dll+0x23715b]
V  [jvm.dll+0xbd5ac]
V  [jvm.dll+0xbdb8c]
V  [jvm.dll+0x3518c7]
V  [jvm.dll+0x31be9f]
V  [jvm.dll+0x31b2da]
V  [jvm.dll+0x20b045]
V  [jvm.dll+0x20a5d7]
V  [jvm.dll+0x19a74d]
V  [jvm.dll+0x219b5d]
V  [jvm.dll+0x217cbb]
V  [jvm.dll+0x7b94bb]
V  [jvm.dll+0x7b392a]
V  [jvm.dll+0x64b845]
C  [ucrtbase.dll+0x21bb2]
C  [KERNEL32.DLL+0x17374]
C  [ntdll.dll+0x4cc91]


---------------  P R O C E S S  ---------------

Threads class SMR info:
_java_thread_list=0x0000020909323cf0, length=33, elements={
0x00000208c308fbd0, 0x00000208c30911f0, 0x00000208c309fac0, 0x00000208c30a19b0,
0x00000208c30a4b20, 0x00000208c30a5c80, 0x00000208c30aa6c0, 0x00000208c30ae930,
0x00000208c31bd850, 0x00000208c33e74c0, 0x00000208c34d6350, 0x00000208c34d3780,
0x00000208c3aaf7b0, 0x000002090c6e3090, 0x000002090c6e1230, 0x000002090c6df8e0,
0x000002090c6e44d0, 0x000002090c6dda80, 0x000002090c6e0810, 0x000002090c6e3fc0,
0x000002090c6e49e0, 0x000002090c6e2b80, 0x000002090c6dfdf0, 0x000002090c6e0d20,
0x000002090c6dd570, 0x000002090c6e0300, 0x000002090c6e1740, 0x000002090c6ddf90,
0x00000208c3aac510, 0x00000208c3aae370, 0x00000208c3aae880, 0x00000208c3aaf2a0,
0x0000020909220670
}

Java Threads: ( => current thread )
  0x00000208c308fbd0 JavaThread "Reference Handler" daemon [_thread_blocked, id=17980, stack(0x000000c9bfb00000,0x000000c9bfc00000)]
  0x00000208c30911f0 JavaThread "Finalizer" daemon [_thread_blocked, id=3968, stack(0x000000c9bfc00000,0x000000c9bfd00000)]
  0x00000208c309fac0 JavaThread "Signal Dispatcher" daemon [_thread_blocked, id=13336, stack(0x000000c9bfd00000,0x000000c9bfe00000)]
  0x00000208c30a19b0 JavaThread "Attach Listener" daemon [_thread_blocked, id=17368, stack(0x000000c9bfe00000,0x000000c9bff00000)]
  0x00000208c30a4b20 JavaThread "Service Thread" daemon [_thread_blocked, id=16924, stack(0x000000c9bff00000,0x000000c9c0000000)]
  0x00000208c30a5c80 JavaThread "Monitor Deflation Thread" daemon [_thread_blocked, id=20136, stack(0x000000c9c0000000,0x000000c9c0100000)]
=>0x00000208c30aa6c0 JavaThread "C2 CompilerThread0" daemon [_thread_in_native, id=9992, stack(0x000000c9c0100000,0x000000c9c0200000)]
  0x00000208c30ae930 JavaThread "C1 CompilerThread0" daemon [_thread_blocked, id=5388, stack(0x000000c9c0200000,0x000000c9c0300000)]
  0x00000208c31bd850 JavaThread "Sweeper thread" daemon [_thread_blocked, id=9700, stack(0x000000c9c0300000,0x000000c9c0400000)]
  0x00000208c33e74c0 JavaThread "Common-Cleaner" daemon [_thread_blocked, id=1512, stack(0x000000c9c0400000,0x000000c9c0500000)]
  0x00000208c34d6350 JavaThread "Monitor Ctrl-Break" daemon [_thread_in_native, id=1688, stack(0x000000c9c0600000,0x000000c9c0700000)]
  0x00000208c34d3780 JavaThread "Notification Thread" daemon [_thread_blocked, id=1244, stack(0x000000c9c0700000,0x000000c9c0800000)]
  0x00000208c3aaf7b0 JavaThread "PostgreSQL-JDBC-Cleaner" daemon [_thread_blocked, id=14480, stack(0x000000c9c0f00000,0x000000c9c1000000)]
  0x000002090c6e3090 JavaThread "HikariPool-1 housekeeper" daemon [_thread_blocked, id=20072, stack(0x000000c9c1000000,0x000000c9c1100000)]
  0x000002090c6e1230 JavaThread "Catalina-utility-1" [_thread_blocked, id=9424, stack(0x000000c9c1200000,0x000000c9c1300000)]
  0x000002090c6df8e0 JavaThread "Catalina-utility-2" [_thread_blocked, id=1328, stack(0x000000c9c1300000,0x000000c9c1400000)]
  0x000002090c6e44d0 JavaThread "container-0" [_thread_blocked, id=16244, stack(0x000000c9c1400000,0x000000c9c1500000)]
  0x000002090c6dda80 JavaThread "File Watcher" daemon [_thread_in_native, id=6896, stack(0x000000c9c1100000,0x000000c9c1200000)]
  0x000002090c6e0810 JavaThread "Live Reload Server" daemon [_thread_in_native, id=1380, stack(0x000000c9c1600000,0x000000c9c1700000)]
  0x000002090c6e3fc0 JavaThread "http-nio-8080-exec-1" daemon [_thread_blocked, id=19880, stack(0x000000c9c1500000,0x000000c9c1600000)]
  0x000002090c6e49e0 JavaThread "http-nio-8080-exec-2" daemon [_thread_blocked, id=6272, stack(0x000000c9c1700000,0x000000c9c1800000)]
  0x000002090c6e2b80 JavaThread "http-nio-8080-exec-3" daemon [_thread_blocked, id=12488, stack(0x000000c9c1800000,0x000000c9c1900000)]
  0x000002090c6dfdf0 JavaThread "http-nio-8080-exec-4" daemon [_thread_blocked, id=16728, stack(0x000000c9c1900000,0x000000c9c1a00000)]
  0x000002090c6e0d20 JavaThread "http-nio-8080-exec-5" daemon [_thread_blocked, id=14872, stack(0x000000c9c1a00000,0x000000c9c1b00000)]
  0x000002090c6dd570 JavaThread "http-nio-8080-exec-6" daemon [_thread_blocked, id=11748, stack(0x000000c9c1b00000,0x000000c9c1c00000)]
  0x000002090c6e0300 JavaThread "http-nio-8080-exec-7" daemon [_thread_blocked, id=17400, stack(0x000000c9c1c00000,0x000000c9c1d00000)]
  0x000002090c6e1740 JavaThread "http-nio-8080-exec-8" daemon [_thread_blocked, id=2428, stack(0x000000c9c1d00000,0x000000c9c1e00000)]
  0x000002090c6ddf90 JavaThread "http-nio-8080-exec-9" daemon [_thread_blocked, id=18864, stack(0x000000c9c1e00000,0x000000c9c1f00000)]
  0x00000208c3aac510 JavaThread "http-nio-8080-exec-10" daemon [_thread_blocked, id=5428, stack(0x000000c9c1f00000,0x000000c9c2000000)]
  0x00000208c3aae370 JavaThread "http-nio-8080-Poller" daemon [_thread_in_native, id=10404, stack(0x000000c9c2000000,0x000000c9c2100000)]
  0x00000208c3aae880 JavaThread "http-nio-8080-Acceptor" daemon [_thread_in_native, id=15648, stack(0x000000c9c2100000,0x000000c9c2200000)]
  0x00000208c3aaf2a0 JavaThread "DestroyJavaVM" [_thread_blocked, id=11596, stack(0x000000c9bf400000,0x000000c9bf500000)]
  0x0000020909220670 JavaThread "Thread-8" daemon [_thread_in_native, id=10616, stack(0x000000c9c0c00000,0x000000c9c0d00000)]

Other Threads:
  0x00000208c3089b60 VMThread "VM Thread" [stack: 0x000000c9bfa00000,0x000000c9bfb00000] [id=16808]
  0x00000208a09731a0 WatcherThread [stack: 0x000000c9c0800000,0x000000c9c0900000] [id=20380]
  0x00000208a09dc220 GCTaskThread "GC Thread#0" [stack: 0x000000c9bf500000,0x000000c9bf600000] [id=11012]
  0x00000208c3a2f210 GCTaskThread "GC Thread#1" [stack: 0x000000c9c0900000,0x000000c9c0a00000] [id=18388]
  0x00000208c39b1b90 GCTaskThread "GC Thread#2" [stack: 0x000000c9c0a00000,0x000000c9c0b00000] [id=3104]
  0x00000208c39c90c0 GCTaskThread "GC Thread#3" [stack: 0x000000c9c0b00000,0x000000c9c0c00000] [id=18688]
  0x00000208a09ecfb0 ConcurrentGCThread "G1 Main Marker" [stack: 0x000000c9bf600000,0x000000c9bf700000] [id=16780]
  0x00000208a09ed9c0 ConcurrentGCThread "G1 Conc#0" [stack: 0x000000c9bf700000,0x000000c9bf800000] [id=3676]
  0x00000208a0a1df60 ConcurrentGCThread "G1 Refine#0" [stack: 0x000000c9bf800000,0x000000c9bf900000] [id=11744]
  0x00000208a0a1e990 ConcurrentGCThread "G1 Service" [stack: 0x000000c9bf900000,0x000000c9bfa00000] [id=17840]

Threads with active compile tasks:
C2 CompilerThread0  4480956 16594       4       org.postgresql.jdbc.PgConnection::prepareStatement (12 bytes)

VM state: not at safepoint (normal execution)

VM Mutex/Monitor currently owned by a thread: None

Heap address: 0x0000000701c00000, size: 4068 MB, Compressed Oops mode: Zero based, Oop shift amount: 3

CDS archive(s) mapped at: [0x00000208c4000000-0x00000208c4bd0000-0x00000208c4bd0000), size 12386304, SharedBaseAddress: 0x00000208c4000000, ArchiveRelocationMode: 1.
Compressed class space mapped at: 0x00000208c5000000-0x0000020905000000, reserved size: 1073741824
Narrow klass base: 0x00000208c4000000, Narrow klass shift: 0, Narrow klass range: 0x100000000

GC Precious Log:
 CPUs: 4 total, 4 available
 Memory: 16264M
 Large Page Support: Disabled
 NUMA Support: Disabled
 Compressed Oops: Enabled (Zero based)
 Heap Region Size: 2M
 Heap Min Capacity: 8M
 Heap Initial Capacity: 256M
 Heap Max Capacity: 4068M
 Pre-touch: Disabled
 Parallel Workers: 4
 Concurrent Workers: 1
 Concurrent Refinement Workers: 4
 Periodic GC: Disabled

Heap:
 garbage-first heap   total 129024K, used 88511K [0x0000000701c00000, 0x0000000800000000)
  region size 2048K, 19 young (38912K), 1 survivors (2048K)
 Metaspace       used 97397K, committed 98176K, reserved 1179648K
  class space    used 12706K, committed 13056K, reserved 1048576K

Heap Regions: E=young(eden), S=young(survivor), O=old, HS=humongous(starts), HC=humongous(continues), CS=collection set, F=free, OA=open archive, CA=closed archive, TAMS=top-at-mark-start (previous, next)
|   0|0x0000000701c00000, 0x0000000701e00000, 0x0000000701e00000|100%| O|  |TAMS 0x0000000701e00000, 0x0000000701c00000| Untracked 
|   1|0x0000000701e00000, 0x0000000702000000, 0x0000000702000000|100%| O|  |TAMS 0x0000000702000000, 0x0000000701e00000| Untracked 
|   2|0x0000000702000000, 0x0000000702200000, 0x0000000702200000|100%| O|  |TAMS 0x0000000702200000, 0x0000000702000000| Untracked 
|   3|0x0000000702200000, 0x0000000702344a00, 0x0000000702400000| 63%| O|  |TAMS 0x0000000702344a00, 0x0000000702200000| Untracked 
|   4|0x0000000702400000, 0x0000000702600000, 0x0000000702600000|100%| O|  |TAMS 0x0000000702600000, 0x0000000702400000| Untracked 
|   5|0x0000000702600000, 0x0000000702800000, 0x0000000702800000|100%| O|  |TAMS 0x0000000702800000, 0x0000000702600000| Untracked 
|   6|0x0000000702800000, 0x0000000702a00000, 0x0000000702a00000|100%| O|  |TAMS 0x0000000702a00000, 0x0000000702800000| Untracked 
|   7|0x0000000702a00000, 0x0000000702c00000, 0x0000000702c00000|100%| O|  |TAMS 0x0000000702c00000, 0x0000000702a00000| Untracked 
|   8|0x0000000702c00000, 0x0000000702e00000, 0x0000000702e00000|100%| O|  |TAMS 0x0000000702e00000, 0x0000000702c00000| Untracked 
|   9|0x0000000702e00000, 0x0000000703000000, 0x0000000703000000|100%| O|  |TAMS 0x0000000703000000, 0x0000000702e00000| Untracked 
|  10|0x0000000703000000, 0x0000000703200000, 0x0000000703200000|100%| O|  |TAMS 0x0000000703200000, 0x0000000703000000| Untracked 
|  11|0x0000000703200000, 0x0000000703400000, 0x0000000703400000|100%| O|  |TAMS 0x0000000703400000, 0x0000000703200000| Untracked 
|  12|0x0000000703400000, 0x0000000703600000, 0x0000000703600000|100%| O|  |TAMS 0x0000000703600000, 0x0000000703400000| Untracked 
|  13|0x0000000703600000, 0x0000000703800000, 0x0000000703800000|100%| O|  |TAMS 0x0000000703800000, 0x0000000703600000| Untracked 
|  14|0x0000000703800000, 0x0000000703a00000, 0x0000000703a00000|100%| O|  |TAMS 0x0000000703a00000, 0x0000000703800000| Untracked 
|  15|0x0000000703a00000, 0x0000000703c00000, 0x0000000703c00000|100%| O|  |TAMS 0x0000000703c00000, 0x0000000703a00000| Untracked 
|  16|0x0000000703c00000, 0x0000000703e00000, 0x0000000703e00000|100%| O|  |TAMS 0x0000000703e00000, 0x0000000703c00000| Untracked 
|  17|0x0000000703e00000, 0x0000000704000000, 0x0000000704000000|100%| O|  |TAMS 0x0000000704000000, 0x0000000703e00000| Untracked 
|  18|0x0000000704000000, 0x0000000704200000, 0x0000000704200000|100%| O|  |TAMS 0x00000007041c9000, 0x0000000704000000| Untracked 
|  19|0x0000000704200000, 0x0000000704400000, 0x0000000704400000|100%| O|  |TAMS 0x0000000704200000, 0x0000000704200000| Untracked 
|  20|0x0000000704400000, 0x0000000704600000, 0x0000000704600000|100%| O|  |TAMS 0x0000000704400000, 0x0000000704400000| Untracked 
|  21|0x0000000704600000, 0x0000000704800000, 0x0000000704800000|100%| O|  |TAMS 0x0000000704600000, 0x0000000704600000| Untracked 
|  22|0x0000000704800000, 0x0000000704a00000, 0x0000000704a00000|100%| O|  |TAMS 0x0000000704800000, 0x0000000704800000| Untracked 
|  23|0x0000000704a00000, 0x0000000704c00000, 0x0000000704c00000|100%| O|  |TAMS 0x0000000704a00000, 0x0000000704a00000| Untracked 
|  24|0x0000000704c00000, 0x0000000704e00000, 0x0000000704e00000|100%| O|  |TAMS 0x0000000704c00000, 0x0000000704c00000| Untracked 
|  25|0x0000000704e00000, 0x0000000705000000, 0x0000000705000000|100%| O|  |TAMS 0x0000000704e00000, 0x0000000704e00000| Untracked 
|  26|0x0000000705000000, 0x0000000705112400, 0x0000000705200000| 53%| O|  |TAMS 0x0000000705000000, 0x0000000705000000| Untracked 
|  27|0x0000000705200000, 0x0000000705200000, 0x0000000705400000|  0%| F|  |TAMS 0x0000000705200000, 0x0000000705200000| Untracked 
|  28|0x0000000705400000, 0x0000000705400000, 0x0000000705600000|  0%| F|  |TAMS 0x0000000705400000, 0x0000000705400000| Untracked 
|  29|0x0000000705600000, 0x0000000705600000, 0x0000000705800000|  0%| F|  |TAMS 0x0000000705600000, 0x0000000705600000| Untracked 
|  30|0x0000000705800000, 0x0000000705800000, 0x0000000705a00000|  0%| F|  |TAMS 0x0000000705800000, 0x0000000705800000| Untracked 
|  31|0x0000000705a00000, 0x0000000705a00000, 0x0000000705c00000|  0%| F|  |TAMS 0x0000000705a00000, 0x0000000705a00000| Untracked 
|  32|0x0000000705c00000, 0x0000000705c00000, 0x0000000705e00000|  0%| F|  |TAMS 0x0000000705c00000, 0x0000000705c00000| Untracked 
|  33|0x0000000705e00000, 0x0000000705e00000, 0x0000000706000000|  0%| F|  |TAMS 0x0000000705e00000, 0x0000000705e00000| Untracked 
|  34|0x0000000706000000, 0x0000000706000000, 0x0000000706200000|  0%| F|  |TAMS 0x0000000706000000, 0x0000000706000000| Untracked 
|  35|0x0000000706200000, 0x0000000706219170, 0x0000000706400000|  4%| S|CS|TAMS 0x0000000706200000, 0x0000000706200000| Complete 
|  36|0x0000000706400000, 0x0000000706400000, 0x0000000706600000|  0%| F|  |TAMS 0x0000000706400000, 0x0000000706400000| Untracked 
|  37|0x0000000706600000, 0x0000000706600000, 0x0000000706800000|  0%| F|  |TAMS 0x0000000706600000, 0x0000000706600000| Untracked 
|  38|0x0000000706800000, 0x0000000706800000, 0x0000000706a00000|  0%| F|  |TAMS 0x0000000706800000, 0x0000000706800000| Untracked 
|  39|0x0000000706a00000, 0x0000000706a00000, 0x0000000706c00000|  0%| F|  |TAMS 0x0000000706a00000, 0x0000000706a00000| Untracked 
|  40|0x0000000706c00000, 0x0000000706c00000, 0x0000000706e00000|  0%| F|  |TAMS 0x0000000706c00000, 0x0000000706c00000| Untracked 
|  41|0x0000000706e00000, 0x0000000706e00000, 0x0000000707000000|  0%| F|  |TAMS 0x0000000706e00000, 0x0000000706e00000| Untracked 
|  42|0x0000000707000000, 0x0000000707000000, 0x0000000707200000|  0%| F|  |TAMS 0x0000000707000000, 0x0000000707000000| Untracked 
|  43|0x0000000707200000, 0x0000000707200000, 0x0000000707400000|  0%| F|  |TAMS 0x0000000707200000, 0x0000000707200000| Untracked 
|  44|0x0000000707400000, 0x0000000707400000, 0x0000000707600000|  0%| F|  |TAMS 0x0000000707400000, 0x0000000707400000| Untracked 
|  45|0x0000000707600000, 0x00000007077f1c50, 0x0000000707800000| 97%| E|  |TAMS 0x0000000707600000, 0x0000000707600000| Complete 
|  46|0x0000000707800000, 0x0000000707a00000, 0x0000000707a00000|100%| E|CS|TAMS 0x0000000707800000, 0x0000000707800000| Complete 
|  47|0x0000000707a00000, 0x0000000707c00000, 0x0000000707c00000|100%| E|CS|TAMS 0x0000000707a00000, 0x0000000707a00000| Complete 
|  48|0x0000000707c00000, 0x0000000707e00000, 0x0000000707e00000|100%| E|CS|TAMS 0x0000000707c00000, 0x0000000707c00000| Complete 
|  49|0x0000000707e00000, 0x0000000708000000, 0x0000000708000000|100%| E|CS|TAMS 0x0000000707e00000, 0x0000000707e00000| Complete 
|  50|0x0000000708000000, 0x0000000708200000, 0x0000000708200000|100%| E|CS|TAMS 0x0000000708000000, 0x0000000708000000| Complete 
|  51|0x0000000708200000, 0x0000000708400000, 0x0000000708400000|100%| E|CS|TAMS 0x0000000708200000, 0x0000000708200000| Complete 
|  52|0x0000000708400000, 0x0000000708600000, 0x0000000708600000|100%| E|CS|TAMS 0x0000000708400000, 0x0000000708400000| Complete 
|  53|0x0000000708600000, 0x0000000708800000, 0x0000000708800000|100%| E|CS|TAMS 0x0000000708600000, 0x0000000708600000| Complete 
|  54|0x0000000708800000, 0x0000000708a00000, 0x0000000708a00000|100%| E|CS|TAMS 0x0000000708800000, 0x0000000708800000| Complete 
|  55|0x0000000708a00000, 0x0000000708c00000, 0x0000000708c00000|100%| E|CS|TAMS 0x0000000708a00000, 0x0000000708a00000| Complete 
|  56|0x0000000708c00000, 0x0000000708e00000, 0x0000000708e00000|100%| E|CS|TAMS 0x0000000708c00000, 0x0000000708c00000| Complete 
|  57|0x0000000708e00000, 0x0000000709000000, 0x0000000709000000|100%| E|CS|TAMS 0x0000000708e00000, 0x0000000708e00000| Complete 
|  86|0x000000070c800000, 0x000000070ca00000, 0x000000070ca00000|100%| E|CS|TAMS 0x000000070c800000, 0x000000070c800000| Complete 
|  87|0x000000070ca00000, 0x000000070cc00000, 0x000000070cc00000|100%| E|CS|TAMS 0x000000070ca00000, 0x000000070ca00000| Complete 
|  88|0x000000070cc00000, 0x000000070ce00000, 0x000000070ce00000|100%| E|CS|TAMS 0x000000070cc00000, 0x000000070cc00000| Complete 
|  89|0x000000070ce00000, 0x000000070d000000, 0x000000070d000000|100%| E|CS|TAMS 0x000000070ce00000, 0x000000070ce00000| Complete 
| 127|0x0000000711a00000, 0x0000000711c00000, 0x0000000711c00000|100%| E|CS|TAMS 0x0000000711a00000, 0x0000000711a00000| Complete 

Card table byte_map: [0x00000208b7c60000,0x00000208b8460000] _byte_map_base: 0x00000208b4452000

Marking Bits (Prev, Next): (CMBitMap*) 0x00000208a09dc840, (CMBitMap*) 0x00000208a09dc880
 Prev Bits: [0x00000208b8c60000, 0x00000208bcbf0000)
 Next Bits: [0x00000208bcbf0000, 0x00000208c0b80000)

Polling page: 0x00000208a0120000

Metaspace:

Usage:
  Non-class:     82.71 MB used.
      Class:     12.41 MB used.
       Both:     95.11 MB used.

Virtual space:
  Non-class space:      128.00 MB reserved,      83.13 MB ( 65%) committed,  2 nodes.
      Class space:        1.00 GB reserved,      12.75 MB (  1%) committed,  1 nodes.
             Both:        1.13 GB reserved,      95.88 MB (  8%) committed. 

Chunk freelists:
   Non-Class:  12.55 MB
       Class:  3.20 MB
        Both:  15.75 MB

MaxMetaspaceSize: unlimited
CompressedClassSpaceSize: 1.00 GB
Initial GC threshold: 21.00 MB
Current GC threshold: 110.25 MB
CDS: on
MetaspaceReclaimPolicy: balanced
 - commit_granule_bytes: 65536.
 - commit_granule_words: 8192.
 - virtual_space_node_default_size: 8388608.
 - enlarge_chunks_in_place: 1.
 - new_chunks_are_fully_committed: 0.
 - uncommit_free_chunks: 1.
 - use_allocation_guard: 0.
 - handle_deallocations: 1.


Internal statistics:

num_allocs_failed_limit: 9.
num_arena_births: 1178.
num_arena_deaths: 10.
num_vsnodes_births: 3.
num_vsnodes_deaths: 0.
num_space_committed: 1534.
num_space_uncommitted: 0.
num_chunks_returned_to_freelist: 24.
num_chunks_taken_from_freelist: 4838.
num_chunk_merges: 10.
num_chunk_splits: 3436.
num_chunks_enlarged: 2597.
num_inconsistent_stats: 0.

CodeHeap 'non-profiled nmethods': size=120000Kb used=12829Kb max_used=12829Kb free=107171Kb
 bounds [0x00000208aff30000, 0x00000208b0bc0000, 0x00000208b7460000]
CodeHeap 'profiled nmethods': size=120000Kb used=26231Kb max_used=28835Kb free=93768Kb
 bounds [0x00000208a8460000, 0x00000208aa090000, 0x00000208af990000]
CodeHeap 'non-nmethods': size=5760Kb used=1414Kb max_used=1513Kb free=4345Kb
 bounds [0x00000208af990000, 0x00000208afc00000, 0x00000208aff30000]
 total_blobs=14355 nmethods=13591 adapters=675
 compilation: enabled
              stopped_count=0, restarted_count=0
 full_count=0

Compilation events (20 events):
Event: 4480.137 Thread 0x00000208c30aa6c0 nmethod 16584 0x00000208b0ba8e10 code [0x00000208b0ba8f80, 0x00000208b0ba9098]
Event: 4480.156 Thread 0x00000208c30aa6c0 16585       4       java.util.IdentityHashMap::entrySet (25 bytes)
Event: 4480.159 Thread 0x00000208c30aa6c0 nmethod 16585 0x00000208b0ba9190 code [0x00000208b0ba9320, 0x00000208b0ba94f8]
Event: 4480.217 Thread 0x00000208c30aa6c0 16586       4       org.springframework.data.jpa.repository.query.HqlParser$ParameterContext::accept (26 bytes)
Event: 4480.218 Thread 0x00000208c30aa6c0 nmethod 16586 0x00000208b0ba9590 code [0x00000208b0ba9720, 0x00000208b0ba9808]
Event: 4480.245 Thread 0x00000208c30aa6c0 16587   !   4       org.postgresql.core.QueryExecutorBase::getTransactionState (87 bytes)
Event: 4480.256 Thread 0x00000208c30aa6c0 nmethod 16587 0x00000208b0ba9910 code [0x00000208b0ba9aa0, 0x00000208b0ba9fd8]
Event: 4480.420 Thread 0x00000208c30aa6c0 16588   !   4       org.springframework.data.jpa.repository.query.HqlParser::entityWithJoins (199 bytes)
Event: 4480.468 Thread 0x00000208c30aa6c0 nmethod 16588 0x00000208b0baa390 code [0x00000208b0baa6a0, 0x00000208b0babd78]
Event: 4480.470 Thread 0x00000208c30aa6c0 16589       4       org.hibernate.query.internal.QueryParameterBindingsImpl::hasAnyMultiValuedBindings (50 bytes)
Event: 4480.511 Thread 0x00000208c30aa6c0 nmethod 16589 0x00000208b0bace10 code [0x00000208b0bacfc0, 0x00000208b0badb38]
Event: 4480.511 Thread 0x00000208c30aa6c0 16590       4       org.postgresql.core.v3.QueryExecutorImpl::registerOpenPortal (42 bytes)
Event: 4480.512 Thread 0x00000208c30aa6c0 nmethod 16590 0x00000208b0bae010 code [0x00000208b0bae180, 0x00000208b0bae218]
Event: 4480.534 Thread 0x00000208c30aa6c0 16591       4       org.postgresql.core.PGStream::receiveString (54 bytes)
Event: 4480.541 Thread 0x00000208c30aa6c0 nmethod 16591 0x00000208b0bae310 code [0x00000208b0bae4c0, 0x00000208b0bae758]
Event: 4480.584 Thread 0x00000208c30aa6c0 16592       4       java.net.Socket$SocketOutputStream::write (11 bytes)
Event: 4480.676 Thread 0x00000208c30aa6c0 nmethod 16592 0x00000208b0baea10 code [0x00000208b0baece0, 0x00000208b0bb0f58]
Event: 4480.676 Thread 0x00000208c30aa6c0 16593   !   4       sun.nio.ch.NioSocketImpl::write (90 bytes)
Event: 4480.755 Thread 0x00000208c30aa6c0 nmethod 16593 0x00000208b0bb2f90 code [0x00000208b0bb3260, 0x00000208b0bb5578]
Event: 4480.756 Thread 0x00000208c30aa6c0 16594       4       org.postgresql.jdbc.PgConnection::prepareStatement (12 bytes)

GC Heap History (20 events):
Event: 4463.441 GC heap before
{Heap before GC invocations=66 (full 0):
 garbage-first heap   total 129024K, used 109057K [0x0000000701c00000, 0x0000000800000000)
  region size 2048K, 28 young (57344K), 1 survivors (2048K)
 Metaspace       used 97394K, committed 98176K, reserved 1179648K
  class space    used 12706K, committed 13056K, reserved 1048576K
}
Event: 4463.443 GC heap after
{Heap after GC invocations=67 (full 0):
 garbage-first heap   total 129024K, used 53666K [0x0000000701c00000, 0x0000000800000000)
  region size 2048K, 1 young (2048K), 1 survivors (2048K)
 Metaspace       used 97394K, committed 98176K, reserved 1179648K
  class space    used 12706K, committed 13056K, reserved 1048576K
}
Event: 4467.241 GC heap before
{Heap before GC invocations=67 (full 0):
 garbage-first heap   total 129024K, used 108962K [0x0000000701c00000, 0x0000000800000000)
  region size 2048K, 28 young (57344K), 1 survivors (2048K)
 Metaspace       used 97394K, committed 98176K, reserved 1179648K
  class space    used 12706K, committed 13056K, reserved 1048576K
}
Event: 4467.243 GC heap after
{Heap after GC invocations=68 (full 0):
 garbage-first heap   total 129024K, used 53753K [0x0000000701c00000, 0x0000000800000000)
  region size 2048K, 1 young (2048K), 1 survivors (2048K)
 Metaspace       used 97394K, committed 98176K, reserved 1179648K
  class space    used 12706K, committed 13056K, reserved 1048576K
}
Event: 4469.419 GC heap before
{Heap before GC invocations=68 (full 0):
 garbage-first heap   total 129024K, used 109049K [0x0000000701c00000, 0x0000000800000000)
  region size 2048K, 28 young (57344K), 1 survivors (2048K)
 Metaspace       used 97395K, committed 98176K, reserved 1179648K
  class space    used 12706K, committed 13056K, reserved 1048576K
}
Event: 4469.421 GC heap after
{Heap after GC invocations=69 (full 0):
 garbage-first heap   total 129024K, used 53723K [0x0000000701c00000, 0x0000000800000000)
  region size 2048K, 1 young (2048K), 1 survivors (2048K)
 Metaspace       used 97395K, committed 98176K, reserved 1179648K
  class space    used 12706K, committed 13056K, reserved 1048576K
}
Event: 4472.058 GC heap before
{Heap before GC invocations=69 (full 0):
 garbage-first heap   total 129024K, used 109019K [0x0000000701c00000, 0x0000000800000000)
  region size 2048K, 28 young (57344K), 1 survivors (2048K)
 Metaspace       used 97397K, committed 98176K, reserved 1179648K
  class space    used 12706K, committed 13056K, reserved 1048576K
}
Event: 4472.059 GC heap after
{Heap after GC invocations=70 (full 0):
 garbage-first heap   total 129024K, used 53702K [0x0000000701c00000, 0x0000000800000000)
  region size 2048K, 1 young (2048K), 1 survivors (2048K)
 Metaspace       used 97397K, committed 98176K, reserved 1179648K
  class space    used 12706K, committed 13056K, reserved 1048576K
}
Event: 4473.459 GC heap before
{Heap before GC invocations=70 (full 0):
 garbage-first heap   total 129024K, used 108998K [0x0000000701c00000, 0x0000000800000000)
  region size 2048K, 28 young (57344K), 1 survivors (2048K)
 Metaspace       used 97397K, committed 98176K, reserved 1179648K
  class space    used 12706K, committed 13056K, reserved 1048576K
}
Event: 4473.460 GC heap after
{Heap after GC invocations=71 (full 0):
 garbage-first heap   total 129024K, used 53721K [0x0000000701c00000, 0x0000000800000000)
  region size 2048K, 1 young (2048K), 1 survivors (2048K)
 Metaspace       used 97397K, committed 98176K, reserved 1179648K
  class space    used 12706K, committed 13056K, reserved 1048576K
}
Event: 4475.439 GC heap before
{Heap before GC invocations=71 (full 0):
 garbage-first heap   total 129024K, used 109017K [0x0000000701c00000, 0x0000000800000000)
  region size 2048K, 28 young (57344K), 1 survivors (2048K)
 Metaspace       used 97397K, committed 98176K, reserved 1179648K
  class space    used 12706K, committed 13056K, reserved 1048576K
}
Event: 4475.440 GC heap after
{Heap after GC invocations=72 (full 0):
 garbage-first heap   total 129024K, used 53688K [0x0000000701c00000, 0x0000000800000000)
  region size 2048K, 1 young (2048K), 1 survivors (2048K)
 Metaspace       used 97397K, committed 98176K, reserved 1179648K
  class space    used 12706K, committed 13056K, reserved 1048576K
}
Event: 4475.917 GC heap before
{Heap before GC invocations=72 (full 0):
 garbage-first heap   total 129024K, used 108984K [0x0000000701c00000, 0x0000000800000000)
  region size 2048K, 28 young (57344K), 1 survivors (2048K)
 Metaspace       used 97397K, committed 98176K, reserved 1179648K
  class space    used 12706K, committed 13056K, reserved 1048576K
}
Event: 4475.919 GC heap after
{Heap after GC invocations=73 (full 0):
 garbage-first heap   total 129024K, used 53699K [0x0000000701c00000, 0x0000000800000000)
  region size 2048K, 1 young (2048K), 1 survivors (2048K)
 Metaspace       used 97397K, committed 98176K, reserved 1179648K
  class space    used 12706K, committed 13056K, reserved 1048576K
}
Event: 4476.383 GC heap before
{Heap before GC invocations=73 (full 0):
 garbage-first heap   total 129024K, used 108995K [0x0000000701c00000, 0x0000000800000000)
  region size 2048K, 28 young (57344K), 1 survivors (2048K)
 Metaspace       used 97397K, committed 98176K, reserved 1179648K
  class space    used 12706K, committed 13056K, reserved 1048576K
}
Event: 4476.384 GC heap after
{Heap after GC invocations=74 (full 0):
 garbage-first heap   total 129024K, used 53731K [0x0000000701c00000, 0x0000000800000000)
  region size 2048K, 1 young (2048K), 1 survivors (2048K)
 Metaspace       used 97397K, committed 98176K, reserved 1179648K
  class space    used 12706K, committed 13056K, reserved 1048576K
}
Event: 4478.910 GC heap before
{Heap before GC invocations=74 (full 0):
 garbage-first heap   total 129024K, used 109027K [0x0000000701c00000, 0x0000000800000000)
  region size 2048K, 28 young (57344K), 1 survivors (2048K)
 Metaspace       used 97397K, committed 98176K, reserved 1179648K
  class space    used 12706K, committed 13056K, reserved 1048576K
}
Event: 4478.911 GC heap after
{Heap after GC invocations=75 (full 0):
 garbage-first heap   total 129024K, used 53682K [0x0000000701c00000, 0x0000000800000000)
  region size 2048K, 1 young (2048K), 1 survivors (2048K)
 Metaspace       used 97397K, committed 98176K, reserved 1179648K
  class space    used 12706K, committed 13056K, reserved 1048576K
}
Event: 4480.514 GC heap before
{Heap before GC invocations=75 (full 0):
 garbage-first heap   total 129024K, used 108978K [0x0000000701c00000, 0x0000000800000000)
  region size 2048K, 28 young (57344K), 1 survivors (2048K)
 Metaspace       used 97397K, committed 98176K, reserved 1179648K
  class space    used 12706K, committed 13056K, reserved 1048576K
}
Event: 4480.515 GC heap after
{Heap after GC invocations=76 (full 0):
 garbage-first heap   total 129024K, used 53695K [0x0000000701c00000, 0x0000000800000000)
  region size 2048K, 1 young (2048K), 1 survivors (2048K)
 Metaspace       used 97397K, committed 98176K, reserved 1179648K
  class space    used 12706K, committed 13056K, reserved 1048576K
}

Dll operation events (14 events):
Event: 0.022 Loaded shared library C:\Users\HP\.jdks\corretto-17.0.8.1\bin\java.dll
Event: 0.049 Loaded shared library C:\Users\HP\.jdks\corretto-17.0.8.1\bin\jsvml.dll
Event: 0.256 Loaded shared library C:\Users\HP\.jdks\corretto-17.0.8.1\bin\zip.dll
Event: 0.260 Loaded shared library C:\Users\HP\.jdks\corretto-17.0.8.1\bin\instrument.dll
Event: 0.268 Loaded shared library C:\Users\HP\.jdks\corretto-17.0.8.1\bin\net.dll
Event: 0.271 Loaded shared library C:\Users\HP\.jdks\corretto-17.0.8.1\bin\nio.dll
Event: 0.281 Loaded shared library C:\Users\HP\.jdks\corretto-17.0.8.1\bin\zip.dll
Event: 0.466 Loaded shared library C:\Program Files\JetBrains\IntelliJ IDEA Community Edition 2023.1\bin\breakgen64.dll
Event: 0.526 Loaded shared library C:\Users\HP\.jdks\corretto-17.0.8.1\bin\jimage.dll
Event: 1.046 Loaded shared library C:\Users\HP\.jdks\corretto-17.0.8.1\bin\management.dll
Event: 1.049 Loaded shared library C:\Users\HP\.jdks\corretto-17.0.8.1\bin\management_ext.dll
Event: 6.398 Loaded shared library C:\Users\HP\.jdks\corretto-17.0.8.1\bin\sunmscapi.dll
Event: 7.561 Loaded shared library C:\Users\HP\.jdks\corretto-17.0.8.1\bin\verify.dll
Event: 4326.780 Loaded shared library C:\Users\HP\AppData\Local\Temp\io_grpc_netty_shaded_netty_tcnative_windows_x86_641122322670368455796.dll

Deoptimization events (20 events):
Event: 4459.531 Thread 0x000002090c6e3fc0 DEOPT PACKING pc=0x00000208b0a8a31c sp=0x000000c9c15fb2c0
Event: 4459.531 Thread 0x000002090c6e3fc0 DEOPT UNPACKING pc=0x00000208af9e69a3 sp=0x000000c9c15fb258 mode 2
Event: 4459.534 Thread 0x000002090c6e1740 Uncommon trap: trap_request=0xffffffd6 fr.pc=0x00000208b0a8a31c relative=0x000000000000017c
Event: 4459.534 Thread 0x000002090c6e1740 Uncommon trap: reason=array_check action=maybe_recompile pc=0x00000208b0a8a31c method=com.zaxxer.hikari.util.FastList.add(Ljava/lang/Object;)Z @ 28 c2
Event: 4459.534 Thread 0x000002090c6e1740 DEOPT PACKING pc=0x00000208b0a8a31c sp=0x000000c9c1df94f0
Event: 4459.534 Thread 0x000002090c6e1740 DEOPT UNPACKING pc=0x00000208af9e69a3 sp=0x000000c9c1df9488 mode 2
Event: 4459.535 Thread 0x000002090c6e1740 Uncommon trap: trap_request=0xffffffd6 fr.pc=0x00000208b0a8a31c relative=0x000000000000017c
Event: 4459.535 Thread 0x000002090c6e1740 Uncommon trap: reason=array_check action=maybe_recompile pc=0x00000208b0a8a31c method=com.zaxxer.hikari.util.FastList.add(Ljava/lang/Object;)Z @ 28 c2
Event: 4459.535 Thread 0x000002090c6e1740 DEOPT PACKING pc=0x00000208b0a8a31c sp=0x000000c9c1dfb3d0
Event: 4459.535 Thread 0x000002090c6e1740 DEOPT UNPACKING pc=0x00000208af9e69a3 sp=0x000000c9c1dfb368 mode 2
Event: 4459.537 Thread 0x000002090c6e2b80 Uncommon trap: trap_request=0xffffffd6 fr.pc=0x00000208b0a8a31c relative=0x000000000000017c
Event: 4459.537 Thread 0x000002090c6e2b80 Uncommon trap: reason=array_check action=maybe_recompile pc=0x00000208b0a8a31c method=com.zaxxer.hikari.util.FastList.add(Ljava/lang/Object;)Z @ 28 c2
Event: 4459.537 Thread 0x000002090c6e2b80 DEOPT PACKING pc=0x00000208b0a8a31c sp=0x000000c9c18f9530
Event: 4459.537 Thread 0x000002090c6e2b80 DEOPT UNPACKING pc=0x00000208af9e69a3 sp=0x000000c9c18f94c8 mode 2
Event: 4462.112 Thread 0x000002090c6e1740 DEOPT PACKING pc=0x00000208a9bf7762 sp=0x000000c9c1dfe930
Event: 4462.112 Thread 0x000002090c6e1740 DEOPT UNPACKING pc=0x00000208af9e7143 sp=0x000000c9c1dfdd50 mode 0
Event: 4464.777 Thread 0x000002090c6e0300 DEOPT PACKING pc=0x00000208a9db7ba0 sp=0x000000c9c1cfe910
Event: 4464.777 Thread 0x000002090c6e0300 DEOPT UNPACKING pc=0x00000208af9e7143 sp=0x000000c9c1cfdd30 mode 0
Event: 4468.944 Thread 0x000002090c6e3fc0 DEOPT PACKING pc=0x00000208a9a17250 sp=0x000000c9c15fe7d0
Event: 4468.944 Thread 0x000002090c6e3fc0 DEOPT UNPACKING pc=0x00000208af9e7143 sp=0x000000c9c15fdc50 mode 0

Classes unloaded (5 events):
Event: 16.654 Thread 0x00000208c3089b60 Unloading class 0x00000208c5868000 'jdk/internal/reflect/GeneratedSerializationConstructorAccessor1'
Event: 18.053 Thread 0x00000208c3089b60 Unloading class 0x00000208c588c000 'jdk/internal/reflect/GeneratedSerializationConstructorAccessor5'
Event: 18.053 Thread 0x00000208c3089b60 Unloading class 0x00000208c5880c00 'jdk/internal/reflect/GeneratedSerializationConstructorAccessor4'
Event: 18.053 Thread 0x00000208c3089b60 Unloading class 0x00000208c5878000 'jdk/internal/reflect/GeneratedSerializationConstructorAccessor3'
Event: 18.053 Thread 0x00000208c3089b60 Unloading class 0x00000208c5871c00 'jdk/internal/reflect/GeneratedSerializationConstructorAccessor2'

Classes redefined (0 events):
No events

Internal exceptions (20 events):
Event: 20.680 Thread 0x00000209090eef60 Exception <a 'java/lang/IncompatibleClassChangeError'{0x0000000707ff7070}: Found class java.lang.Object, but interface was expected> (0x0000000707ff7070) 
thrown [s\src\hotspot\share\interpreter\linkResolver.cpp, line 826]
Event: 20.914 Thread 0x00000209090eef60 Exception <a 'java/lang/NoSuchMethodError'{0x00000007078d8b30}: 'void java.lang.invoke.DirectMethodHandle$Holder.invokeVirtual(java.lang.Object, java.lang.Object, long)'> (0x00000007078d8b30) 
thrown [s\src\hotspot\share\interpreter\linkResolver.cpp, line 759]
Event: 21.056 Thread 0x00000209090eef60 Implicit null exception at 0x00000208b0117023 to 0x00000208b01174f2
Event: 21.523 Thread 0x00000209090eef60 Exception <a 'java/lang/NoSuchMethodError'{0x0000000706ad26f0}: 'java.lang.Object java.lang.invoke.DirectMethodHandle$Holder.newInvokeSpecial(java.lang.Object, java.lang.Object, int, java.lang.Object, java.lang.Object)'> (0x0000000706ad26f0) 
thrown [s\src\hotspot\share\interpreter\linkResolver.cpp, line 759]
Event: 21.524 Thread 0x00000209090eef60 Exception <a 'java/lang/NoSuchMethodError'{0x0000000706add988}: 'java.lang.Object java.lang.invoke.DirectMethodHandle$Holder.invokeSpecial(java.lang.Object, java.lang.Object, int, java.lang.Object, int, java.lang.Object)'> (0x0000000706add988) 
thrown [s\src\hotspot\share\interpreter\linkResolver.cpp, line 759]
Event: 21.525 Thread 0x00000209090eef60 Exception <a 'java/lang/NoSuchMethodError'{0x0000000706ae59a8}: 'java.lang.Object java.lang.invoke.DirectMethodHandle$Holder.newInvokeSpecial(java.lang.Object, java.lang.Object, int, java.lang.Object, int)'> (0x0000000706ae59a8) 
thrown [s\src\hotspot\share\interpreter\linkResolver.cpp, line 759]
Event: 21.525 Thread 0x00000209090eef60 Exception <a 'java/lang/NoSuchMethodError'{0x0000000706ae9aa8}: 'java.lang.Object java.lang.invoke.DirectMethodHandle$Holder.invokeSpecial(java.lang.Object, java.lang.Object, java.lang.Object, int, java.lang.Object, int)'> (0x0000000706ae9aa8) 
thrown [s\src\hotspot\share\interpreter\linkResolver.cpp, line 759]
Event: 41.095 Thread 0x000002090c6e49e0 Exception <a 'java/lang/NoSuchMethodError'{0x000000070ce3f140}: 'java.lang.Object java.lang.invoke.DirectMethodHandle$Holder.invokeSpecial(java.lang.Object, java.lang.Object, java.lang.Object, java.lang.Object, java.lang.Object, long)'> (0x000000070ce3f140) 
thrown [s\src\hotspot\share\interpreter\linkResolver.cpp, line 759]
Event: 41.096 Thread 0x000002090c6e49e0 Exception <a 'java/lang/NoSuchMethodError'{0x000000070ce42b80}: 'java.lang.Object java.lang.invoke.Invokers$Holder.linkToTargetMethod(java.lang.Object, java.lang.Object, java.lang.Object, long, java.lang.Object)'> (0x000000070ce42b80) 
thrown [s\src\hotspot\share\interpreter\linkResolver.cpp, line 759]
Event: 41.368 Thread 0x000002090c6e0d20 Implicit null exception at 0x00000208b01ab9e0 to 0x00000208b01abd83
Event: 42.198 Thread 0x000002090c6e0300 Exception <a 'java/lang/IncompatibleClassChangeError'{0x0000000708845c78}: Found class java.lang.Object, but interface was expected> (0x0000000708845c78) 
thrown [s\src\hotspot\share\interpreter\linkResolver.cpp, line 826]
Event: 4326.368 Thread 0x000002090c6dfdf0 Exception <a 'java/lang/UnsatisfiedLinkError'{0x0000000708de4678}: 'int io.grpc.netty.shaded.io.netty.channel.epoll.Native.offsetofEpollData()'> (0x0000000708de4678) 
thrown [s\src\hotspot\share\prims\nativeLookup.cpp, line 543]
Event: 4326.368 Thread 0x000002090c6dfdf0 Exception <a 'java/lang/ExceptionInInitializerError'{0x0000000708de89a8}> (0x0000000708de89a8) 
thrown [s\src\hotspot\share\oops\instanceKlass.cpp, line 1223]
Event: 4326.442 Thread 0x000002090c6dfdf0 Exception <a 'java/lang/reflect/InvocationTargetException'{0x0000000708bbe360}> (0x0000000708bbe360) 
thrown [s\src\hotspot\share\runtime\reflection.cpp, line 1121]
Event: 4327.569 Thread 0x000002090921fc50 Exception <a 'sun/nio/fs/WindowsException'{0x0000000707422850}> (0x0000000707422850) 
thrown [s\src\hotspot\share\prims\jni.cpp, line 516]
Event: 4327.705 Thread 0x000002090921fc50 Exception <a 'java/lang/NoSuchMethodError'{0x0000000707556040}: 'java.lang.Object java.lang.invoke.DirectMethodHandle$Holder.invokeSpecial(java.lang.Object, java.lang.Object, long, java.lang.Object, java.lang.Object, long, long, long, long, long)'> (0x0000000707556040) 
thrown [s\src\hotspot\share\interpreter\linkResolver.cpp, line 759]
Event: 4327.705 Thread 0x000002090921fc50 Exception <a 'java/lang/NoSuchMethodError'{0x0000000707559d40}: 'java.lang.Object java.lang.invoke.DelegatingMethodHandle$Holder.reinvoke_L(java.lang.Object, long, java.lang.Object, java.lang.Object, long, long, long, long, long)'> (0x0000000707559d40) 
thrown [s\src\hotspot\share\interpreter\linkResolver.cpp, line 759]
Event: 4417.800 Thread 0x000002090c6dd570 Implicit null exception at 0x00000208b0355e2c to 0x00000208b035b270
Event: 4418.355 Thread 0x000002090c6e2b80 Implicit null exception at 0x00000208b0185692 to 0x00000208b0189e10
Event: 4430.057 Thread 0x000002090c6e0300 Implicit null exception at 0x00000208b072d8ae to 0x00000208b072e7f4

VM Operations (20 events):
Event: 4472.058 Executing VM operation: G1CollectForAllocation
Event: 4472.059 Executing VM operation: G1CollectForAllocation done
Event: 4473.071 Executing VM operation: Cleanup
Event: 4473.071 Executing VM operation: Cleanup done
Event: 4473.459 Executing VM operation: G1CollectForAllocation
Event: 4473.460 Executing VM operation: G1CollectForAllocation done
Event: 4475.438 Executing VM operation: G1CollectForAllocation
Event: 4475.440 Executing VM operation: G1CollectForAllocation done
Event: 4475.917 Executing VM operation: G1CollectForAllocation
Event: 4475.919 Executing VM operation: G1CollectForAllocation done
Event: 4476.383 Executing VM operation: G1CollectForAllocation
Event: 4476.384 Executing VM operation: G1CollectForAllocation done
Event: 4478.392 Executing VM operation: Cleanup
Event: 4478.393 Executing VM operation: Cleanup done
Event: 4478.909 Executing VM operation: G1CollectForAllocation
Event: 4478.913 Executing VM operation: G1CollectForAllocation done
Event: 4479.918 Executing VM operation: Cleanup
Event: 4479.918 Executing VM operation: Cleanup done
Event: 4480.514 Executing VM operation: G1CollectForAllocation
Event: 4480.516 Executing VM operation: G1CollectForAllocation done

Events (20 events):
Event: 4456.857 Thread 0x00000209092224d0 Thread added: 0x00000209092224d0
Event: 4456.858 Thread 0x000002090921fc50 Thread exited: 0x000002090921fc50
Event: 4456.858 Thread 0x000002090921d8e0 Thread exited: 0x000002090921d8e0
Event: 4456.886 Thread 0x000002090921f740 Thread exited: 0x000002090921f740
Event: 4457.944 Thread 0x000002090921cec0 Thread exited: 0x000002090921cec0
Event: 4457.945 Thread 0x000002090921cec0 Thread added: 0x000002090921cec0
Event: 4457.945 Thread 0x0000020909223e20 Thread exited: 0x0000020909223e20
Event: 4457.946 Thread 0x0000020909223910 Thread exited: 0x0000020909223910
Event: 4457.946 Thread 0x000002090921f230 Thread exited: 0x000002090921f230
Event: 4457.947 Thread 0x000002090921f230 Thread added: 0x000002090921f230
Event: 4457.947 Thread 0x00000209092224d0 Thread exited: 0x00000209092224d0
Event: 4457.986 Thread 0x000002090921cec0 Thread exited: 0x000002090921cec0
Event: 4457.988 Thread 0x000002090921f740 Thread added: 0x000002090921f740
Event: 4457.988 Thread 0x000002090921f230 Thread exited: 0x000002090921f230
Event: 4458.992 Thread 0x000002090921f740 Thread exited: 0x000002090921f740
Event: 4463.088 Thread 0x00000208c31bd850 flushing nmethod 0x00000208a88f5910
Event: 4463.099 Thread 0x00000208c31bd850 flushing nmethod 0x00000208a981ac10
Event: 4463.099 Thread 0x00000208c31bd850 flushing nmethod 0x00000208a9924f10
Event: 4476.241 Thread 0x0000020909eb69a0 Thread added: 0x0000020909eb69a0
Event: 4476.926 Thread 0x0000020909eb69a0 Thread exited: 0x0000020909eb69a0


Dynamic libraries:
0x00007ff611db0000 - 0x00007ff611dbd000 	C:\Users\HP\.jdks\corretto-17.0.8.1\bin\java.exe
0x00007ff9c3910000 - 0x00007ff9c3b08000 	C:\Windows\SYSTEM32\ntdll.dll
0x00007ff9c29f0000 - 0x00007ff9c2ab2000 	C:\Windows\System32\KERNEL32.DLL
0x00007ff9c13d0000 - 0x00007ff9c16ce000 	C:\Windows\System32\KERNELBASE.dll
0x00007ff9c1050000 - 0x00007ff9c1150000 	C:\Windows\System32\ucrtbase.dll
0x00007ff9b8850000 - 0x00007ff9b8867000 	C:\Users\HP\.jdks\corretto-17.0.8.1\bin\jli.dll
0x00007ff9b7130000 - 0x00007ff9b7145000 	C:\Users\HP\.jdks\corretto-17.0.8.1\bin\VCRUNTIME140.dll
0x00007ff9c3730000 - 0x00007ff9c38cd000 	C:\Windows\System32\USER32.dll
0x00007ff9c1320000 - 0x00007ff9c1342000 	C:\Windows\System32\win32u.dll
0x00007ff9c3350000 - 0x00007ff9c337b000 	C:\Windows\System32\GDI32.dll
0x00007ff9c1810000 - 0x00007ff9c1927000 	C:\Windows\System32\gdi32full.dll
0x00007ff9a70d0000 - 0x00007ff9a736a000 	C:\Windows\WinSxS\amd64_microsoft.windows.common-controls_6595b64144ccf1df_6.0.19041.4355_none_60b8b9eb71f62e16\COMCTL32.dll
0x00007ff9c0fb0000 - 0x00007ff9c104d000 	C:\Windows\System32\msvcp_win.dll
0x00007ff9c2390000 - 0x00007ff9c242e000 	C:\Windows\System32\msvcrt.dll
0x00007ff9c3380000 - 0x00007ff9c33af000 	C:\Windows\System32\IMM32.DLL
0x00007ff996470000 - 0x00007ff99650b000 	C:\Users\HP\.jdks\corretto-17.0.8.1\bin\msvcp140.dll
0x00007ff96c5e0000 - 0x00007ff96d1fd000 	C:\Users\HP\.jdks\corretto-17.0.8.1\bin\server\jvm.dll
0x00007ff9c2540000 - 0x00007ff9c25f1000 	C:\Windows\System32\ADVAPI32.dll
0x00007ff9c2610000 - 0x00007ff9c26af000 	C:\Windows\System32\sechost.dll
0x00007ff9c2ac0000 - 0x00007ff9c2be3000 	C:\Windows\System32\RPCRT4.dll
0x00007ff9c1350000 - 0x00007ff9c1377000 	C:\Windows\System32\bcrypt.dll
0x00007ff9c0a30000 - 0x00007ff9c0a7b000 	C:\Windows\SYSTEM32\POWRPROF.dll
0x00007ff9acd90000 - 0x00007ff9acd99000 	C:\Windows\SYSTEM32\WSOCK32.dll
0x00007ff9c28d0000 - 0x00007ff9c293b000 	C:\Windows\System32\WS2_32.dll
0x00007ff9b13c0000 - 0x00007ff9b13e7000 	C:\Windows\SYSTEM32\WINMM.dll
0x00007ff9b7fc0000 - 0x00007ff9b7fca000 	C:\Windows\SYSTEM32\VERSION.dll
0x00007ff9c0a10000 - 0x00007ff9c0a22000 	C:\Windows\SYSTEM32\UMPDC.dll
0x00007ff9bf790000 - 0x00007ff9bf7a2000 	C:\Windows\SYSTEM32\kernel.appcore.dll
0x00007ff9b9410000 - 0x00007ff9b941a000 	C:\Users\HP\.jdks\corretto-17.0.8.1\bin\jimage.dll
0x00007ff9bacb0000 - 0x00007ff9bae94000 	C:\Windows\SYSTEM32\DBGHELP.DLL
0x00007ff9b7a20000 - 0x00007ff9b7a54000 	C:\Windows\SYSTEM32\dbgcore.DLL
0x00007ff9c16d0000 - 0x00007ff9c1752000 	C:\Windows\System32\bcryptPrimitives.dll
0x00007ff9b9400000 - 0x00007ff9b940e000 	C:\Users\HP\.jdks\corretto-17.0.8.1\bin\instrument.dll
0x00007ff9b69e0000 - 0x00007ff9b6a05000 	C:\Users\HP\.jdks\corretto-17.0.8.1\bin\java.dll
0x00007ff989280000 - 0x00007ff989356000 	C:\Users\HP\.jdks\corretto-17.0.8.1\bin\jsvml.dll
0x00007ff9c1930000 - 0x00007ff9c209d000 	C:\Windows\System32\SHELL32.dll
0x00007ff9befd0000 - 0x00007ff9bf774000 	C:\Windows\SYSTEM32\windows.storage.dll
0x00007ff9c33d0000 - 0x00007ff9c3723000 	C:\Windows\System32\combase.dll
0x00007ff9c0830000 - 0x00007ff9c085e000 	C:\Windows\SYSTEM32\Wldp.dll
0x00007ff9c27f0000 - 0x00007ff9c28bd000 	C:\Windows\System32\OLEAUT32.dll
0x00007ff9c2430000 - 0x00007ff9c24dd000 	C:\Windows\System32\SHCORE.dll
0x00007ff9c24e0000 - 0x00007ff9c2535000 	C:\Windows\System32\shlwapi.dll
0x00007ff9c0ee0000 - 0x00007ff9c0f04000 	C:\Windows\SYSTEM32\profapi.dll
0x00007ff9b69a0000 - 0x00007ff9b69b8000 	C:\Users\HP\.jdks\corretto-17.0.8.1\bin\zip.dll
0x00007ff9b6a80000 - 0x00007ff9b6a99000 	C:\Users\HP\.jdks\corretto-17.0.8.1\bin\net.dll
0x00007ff9b7d30000 - 0x00007ff9b7e3d000 	C:\Windows\SYSTEM32\WINHTTP.dll
0x00007ff9c0610000 - 0x00007ff9c067a000 	C:\Windows\system32\mswsock.dll
0x00007ff9b69c0000 - 0x00007ff9b69d5000 	C:\Users\HP\.jdks\corretto-17.0.8.1\bin\nio.dll
0x00007ff9b53f0000 - 0x00007ff9b540a000 	C:\Program Files\JetBrains\IntelliJ IDEA Community Edition 2023.1\bin\breakgen64.dll
0x00007ff9b8380000 - 0x00007ff9b8389000 	C:\Users\HP\.jdks\corretto-17.0.8.1\bin\management.dll
0x00007ff9b7b90000 - 0x00007ff9b7b9b000 	C:\Users\HP\.jdks\corretto-17.0.8.1\bin\management_ext.dll
0x00007ff9c26b0000 - 0x00007ff9c26b8000 	C:\Windows\System32\PSAPI.DLL
0x00007ff9c0870000 - 0x00007ff9c0888000 	C:\Windows\SYSTEM32\CRYPTSP.dll
0x00007ff9bff50000 - 0x00007ff9bff84000 	C:\Windows\system32\rsaenh.dll
0x00007ff9c0ea0000 - 0x00007ff9c0ece000 	C:\Windows\SYSTEM32\USERENV.dll
0x00007ff9c07a0000 - 0x00007ff9c07ac000 	C:\Windows\SYSTEM32\CRYPTBASE.dll
0x00007ff9c0310000 - 0x00007ff9c034b000 	C:\Windows\SYSTEM32\IPHLPAPI.DLL
0x00007ff9c2600000 - 0x00007ff9c2608000 	C:\Windows\System32\NSI.dll
0x00007ff9b7450000 - 0x00007ff9b7467000 	C:\Windows\SYSTEM32\dhcpcsvc6.DLL
0x00007ff9b73f0000 - 0x00007ff9b740d000 	C:\Windows\SYSTEM32\dhcpcsvc.DLL
0x00007ff9c0350000 - 0x00007ff9c041a000 	C:\Windows\SYSTEM32\DNSAPI.dll
0x00007ff9b6e80000 - 0x00007ff9b6e8e000 	C:\Users\HP\.jdks\corretto-17.0.8.1\bin\sunmscapi.dll
0x00007ff9c1150000 - 0x00007ff9c12ac000 	C:\Windows\System32\CRYPT32.dll
0x00007ff9c09e0000 - 0x00007ff9c0a07000 	C:\Windows\SYSTEM32\ncrypt.dll
0x00007ff9c09a0000 - 0x00007ff9c09db000 	C:\Windows\SYSTEM32\NTASN1.dll
0x00007ff9b5880000 - 0x00007ff9b5890000 	C:\Users\HP\.jdks\corretto-17.0.8.1\bin\verify.dll
0x00000000563f0000 - 0x0000000056416000 	C:\Program Files\Bonjour\mdnsNSP.dll
0x00007ff9b3690000 - 0x00007ff9b369a000 	C:\Windows\System32\rasadhlp.dll
0x00007ff9b3740000 - 0x00007ff9b37c0000 	C:\Windows\System32\fwpuclnt.dll
0x00007ff9b6aa0000 - 0x00007ff9b6aa7000 	C:\Windows\system32\wshunix.dll
0x00007ff9702e0000 - 0x00007ff97052f000 	C:\Users\HP\AppData\Local\Temp\io_grpc_netty_shaded_netty_tcnative_windows_x86_641122322670368455796.dll
0x00007ff9a5330000 - 0x00007ff9a5347000 	C:\Windows\system32\napinsp.dll
0x00007ff9a5310000 - 0x00007ff9a532b000 	C:\Windows\system32\pnrpnsp.dll
0x00007ff9a52f0000 - 0x00007ff9a5305000 	C:\Windows\system32\wshbth.dll
0x00007ff9b7a60000 - 0x00007ff9b7a7d000 	C:\Windows\system32\NLAapi.dll
0x00007ff9a52d0000 - 0x00007ff9a52e2000 	C:\Windows\System32\winrnr.dll

dbghelp: loaded successfully - version: 4.0.5 - missing functions: none
symbol engine: initialized successfully - sym options: 0x614 - pdb path: .;C:\Users\HP\.jdks\corretto-17.0.8.1\bin;C:\Windows\SYSTEM32;C:\Windows\WinSxS\amd64_microsoft.windows.common-controls_6595b64144ccf1df_6.0.19041.4355_none_60b8b9eb71f62e16;C:\Users\HP\.jdks\corretto-17.0.8.1\bin\server;C:\Program Files\JetBrains\IntelliJ IDEA Community Edition 2023.1\bin;C:\Program Files\Bonjour;C:\Users\HP\AppData\Local\Temp

VM Arguments:
jvm_args: -javaagent:C:\Program Files\JetBrains\IntelliJ IDEA Community Edition 2023.1\lib\idea_rt.jar=25359:C:\Program Files\JetBrains\IntelliJ IDEA Community Edition 2023.1\bin -Dfile.encoding=UTF-8 
java_command: com.nhomA.mockproject.MockProjectApplication
java_class_path (initial): C:\Users\HP\Desktop\Do an\Backend\target\classes;C:\Users\HP\.m2\repository\org\springframework\boot\spring-boot-starter-security\3.1.3\spring-boot-starter-security-3.1.3.jar;C:\Users\HP\.m2\repository\org\springframework\boot\spring-boot-starter\3.1.3\spring-boot-starter-3.1.3.jar;C:\Users\HP\.m2\repository\org\springframework\boot\spring-boot-starter-logging\3.1.3\spring-boot-starter-logging-3.1.3.jar;C:\Users\HP\.m2\repository\ch\qos\logback\logback-classic\1.4.11\logback-classic-1.4.11.jar;C:\Users\HP\.m2\repository\ch\qos\logback\logback-core\1.4.11\logback-core-1.4.11.jar;C:\Users\HP\.m2\repository\org\apache\logging\log4j\log4j-to-slf4j\2.20.0\log4j-to-slf4j-2.20.0.jar;C:\Users\HP\.m2\repository\org\apache\logging\log4j\log4j-api\2.20.0\log4j-api-2.20.0.jar;C:\Users\HP\.m2\repository\org\slf4j\jul-to-slf4j\2.0.7\jul-to-slf4j-2.0.7.jar;C:\Users\HP\.m2\repository\jakarta\annotation\jakarta.annotation-api\2.1.1\jakarta.annotation-api-2.1.1.jar;C:\Users\HP\.m2\repository\org\yaml\snakeyaml\1.33\snakeyaml-1.33.jar;C:\Users\HP\.m2\repository\org\springframework\spring-aop\6.0.11\spring-aop-6.0.11.jar;C:\Users\HP\.m2\repository\org\springframework\spring-beans\6.0.11\spring-beans-6.0.11.jar;C:\Users\HP\.m2\repository\org\springframework\security\spring-security-config\6.1.3\spring-security-config-6.1.3.jar;C:\Users\HP\.m2\repository\org\springframework\spring-context\6.0.11\spring-context-6.0.11.jar;C:\Users\HP\.m2\repository\org\springframework\security\spring-security-web\6.1.3\spring-security-web-6.1.3.jar;C:\Users\HP\.m2\repository\org\springframework\spring-expression\6.0.11\spring-expression-6.0.11.jar;C:\Users\HP\.m2\repository\org\springframework\boot\spring-boot-starter-thymeleaf\3.1.3\spring-boot-starter-thymeleaf-3.1.3.jar;C:\Users\HP\.m2\repository\org\thymeleaf\thymeleaf-spring6\3.1.2.RELEASE\thymeleaf-spring6-3.1.2.RELEASE.jar;C:\Users\HP\.m2\repository\org\thymeleaf\thymeleaf\3.1.2.RELEASE\thymeleaf-3.1.2.RELEASE.jar;C:\Us
Launcher Type: SUN_STANDARD

[Global flags]
     intx CICompilerCount                          = 3                                         {product} {ergonomic}
     uint ConcGCThreads                            = 1                                         {product} {ergonomic}
     uint G1ConcRefinementThreads                  = 4                                         {product} {ergonomic}
   size_t G1HeapRegionSize                         = 2097152                                   {product} {ergonomic}
    uintx GCDrainStackTargetSize                   = 64                                        {product} {ergonomic}
   size_t InitialHeapSize                          = 268435456                                 {product} {ergonomic}
   size_t MarkStackSize                            = 4194304                                   {product} {ergonomic}
   size_t MaxHeapSize                              = 4265607168                                {product} {ergonomic}
   size_t MaxNewSize                               = 2558525440                                {product} {ergonomic}
   size_t MinHeapDeltaBytes                        = 2097152                                   {product} {ergonomic}
   size_t MinHeapSize                              = 8388608                                   {product} {ergonomic}
    uintx NonNMethodCodeHeapSize                   = 5832780                                {pd product} {ergonomic}
    uintx NonProfiledCodeHeapSize                  = 122912730                              {pd product} {ergonomic}
    uintx ProfiledCodeHeapSize                     = 122912730                              {pd product} {ergonomic}
    uintx ReservedCodeCacheSize                    = 251658240                              {pd product} {ergonomic}
     bool SegmentedCodeCache                       = true                                      {product} {ergonomic}
   size_t SoftMaxHeapSize                          = 4265607168                             {manageable} {ergonomic}
     bool UseCompressedClassPointers               = true                           {product lp64_product} {ergonomic}
     bool UseCompressedOops                        = true                           {product lp64_product} {ergonomic}
     bool UseG1GC                                  = true                                      {product} {ergonomic}
     bool UseLargePagesIndividualAllocation        = false                                  {pd product} {ergonomic}

Logging:
Log output configuration:
 #0: stdout all=warning uptime,level,tags
 #1: stderr all=off uptime,level,tags

Environment Variables:
PATH=C:\Program Files\Common Files\Oracle\Java\javapath;C:\Program Files (x86)\Common Files\Oracle\Java\javapath;C:\Windows\system32;C:\Windows;C:\Windows\System32\Wbem;C:\Windows\System32\WindowsPowerShell\v1.0\;C:\Windows\System32\OpenSSH\;C:\Program Files\Git\cmd;C:\Program Files\Microsoft SQL Server\150\Tools\Binn\;C:\Program Files\Microsoft SQL Server\Client SDK\ODBC\170\Tools\Binn\;C:\Program Files (x86)\Microsoft SQL Server\150\Tools\Binn\;C:\Program Files\Microsoft SQL Server\150\DTS\Binn\;C:\Program Files (x86)\Microsoft SQL Server\160\Tools\Binn\;C:\Program Files\Microsoft SQL Server\160\Tools\Binn\;C:\Program Files\Microsoft SQL Server\160\DTS\Binn\;C:\Program Files\Azure Data Studio\bin;C:\apache-maven-3.9.2\bin;C:\Users\HP\AppData\Local\Programs\Python\Python311;C:\Program Files\Docker\Docker\resources\bin;C:\Users\HP\AppData\Roaming\nvm;C:\Program Files\nodejs;C:\Program Files\Cloudflare\Cloudflare WARP\;C:\Users\HP\AppData\Local\Microsoft\WindowsApps;C:\Users\HP\AppData\Local\Programs\Microsoft VS Code\bin;C:\Program Files\Azure Data Studio\bin;C:\Users\HP\.dotnet\tools;C:\Users\HP\AppData\Local\gitkraken\bin;C:\ProgramData\HP\gitkraken\bin;C:\Users\HP\AppData\Roaming\npm;C:\Users\HP\AppData\Local\Programs\Python\Python311;C:\Users\HP\AppData\Roaming\nvm;C:\Program Files\nodejs;C:\Users\HP\AppData\Local\Programs\Python\Python311\Scripts;C:\Program Files (x86)\Nmap
USERNAME=HP
OS=Windows_NT
PROCESSOR_IDENTIFIER=Intel64 Family 6 Model 78 Stepping 3, GenuineIntel
TMP=C:\Users\HP\AppData\Local\Temp
TEMP=C:\Users\HP\AppData\Local\Temp



---------------  S Y S T E M  ---------------

OS:
 Windows 10 , 64 bit Build 19041 (10.0.19041.5072)
OS uptime: 5 days 1:42 hours
Hyper-V role detected

CPU: total 4 (initial active 4) (2 cores per cpu, 2 threads per core) family 6 model 78 stepping 3 microcode 0xcc, cx8, cmov, fxsr, ht, mmx, 3dnowpref, sse, sse2, sse3, ssse3, sse4.1, sse4.2, popcnt, lzcnt, tsc, tscinvbit, avx, avx2, aes, erms, clmul, bmi1, bmi2, rtm, adx, fma, vzeroupper, clflush, clflushopt, hv
Processor Information for all 4 processors :
  Max Mhz: 2496, Current Mhz: 2396, Mhz Limit: 2396

Memory: 4k page, system-wide physical 16264M (4755M free)
TotalPageFile size 21727M (AvailPageFile size 5M)
current process WorkingSet (physical memory assigned to process): 326M, peak: 362M
current process commit charge ("private bytes"): 437M, peak: 451M

vm_info: OpenJDK 64-Bit Server VM (17.0.8.1+8-LTS) for windows-amd64 JRE (17.0.8.1+8-LTS), built on Aug 19 2023 03:47:39 by "Administrator" with MS VC++ 15.9 (VS2017)

END.
